 [vite] connecting...
 [svelte] hydration_mismatchHydration failed because the initial UI does not match what was rendered on the server
warn @ client.js:2643
 [vite] connected.
 AG Grid: Since v31 new Grid(...) is deprecated. Use createGrid instead: `const gridApi = createGrid(...)`. The grid api is returned from createGrid and will not be available on gridOptions.
warn @ client.js:2643
 Fetching vehicles with images from PocketBase...
 Fetched vehicles: Object
 Images for vehicle 2021 Can-Am SPYDER F3 S SE6: Array(0)
 First image URL for vehicle 2021 Can-Am SPYDER F3 S SE6: null
 All images for vehicle 2021 Can-Am SPYDER F3 S SE6: Array(0)
 Images for vehicle 2023 Yamaha WOLVERINE X4 850 XT-R: Array(0)
 First image URL for vehicle 2023 Yamaha WOLVERINE X4 850 XT-R: null
 All images for vehicle 2023 Yamaha WOLVERINE X4 850 XT-R: Array(0)
 Images for vehicle 2024 Kawasaki BRUTE FORCE 750 EPS LE: Array(0)
 First image URL for vehicle 2024 Kawasaki BRUTE FORCE 750 EPS LE: null
 All images for vehicle 2024 Kawasaki BRUTE FORCE 750 EPS LE: Array(0)
 Images for vehicle 2023 Can-Am COMMANDER DPS 1000R: Array(0)
 First image URL for vehicle 2023 Can-Am COMMANDER DPS 1000R: null
 All images for vehicle 2023 Can-Am COMMANDER DPS 1000R: Array(0)
 Images for vehicle 2024 Can-Am MAVERICK X3 Xds TURBO RR: Array(0)
 First image URL for vehicle 2024 Can-Am MAVERICK X3 Xds TURBO RR: null
 All images for vehicle 2024 Can-Am MAVERICK X3 Xds TURBO RR: Array(0)
 Images for vehicle 2024 Kawasaki BRUTE FORCE 300 2X4: Array(0)
 First image URL for vehicle 2024 Kawasaki BRUTE FORCE 300 2X4: null
 All images for vehicle 2024 Kawasaki BRUTE FORCE 300 2X4: Array(0)
 Images for vehicle 2024 Kawasaki NINJA 500 SE ABS: Array(0)
 First image URL for vehicle 2024 Kawasaki NINJA 500 SE ABS: null
 All images for vehicle 2024 Kawasaki NINJA 500 SE ABS: Array(0)
 Images for vehicle 2024 Kawasaki Z900 ABS: Array(0)
 First image URL for vehicle 2024 Kawasaki Z900 ABS: null
 All images for vehicle 2024 Kawasaki Z900 ABS: Array(0)
 Images for vehicle 2023 Can-Am DEFENDER HD10 DPS MAX: Array(0)
 First image URL for vehicle 2023 Can-Am DEFENDER HD10 DPS MAX: null
 All images for vehicle 2023 Can-Am DEFENDER HD10 DPS MAX: Array(0)
 Images for vehicle 2024 Kawasaki KLR650 S ABS: Array(0)
 First image URL for vehicle 2024 Kawasaki KLR650 S ABS: null
 All images for vehicle 2024 Kawasaki KLR650 S ABS: Array(0)
 Images for vehicle 2022 Honda CB1000R BLACK EDITION: Array(0)
 First image URL for vehicle 2022 Honda CB1000R BLACK EDITION: null
 All images for vehicle 2022 Honda CB1000R BLACK EDITION: Array(0)
 Images for vehicle 2024 Kawasaki NINJA 500 ABS: Array(0)
 First image URL for vehicle 2024 Kawasaki NINJA 500 ABS: null
 All images for vehicle 2024 Kawasaki NINJA 500 ABS: Array(0)
 Images for vehicle 2025 Yamaha YZ250F: Array(0)
 First image URL for vehicle 2025 Yamaha YZ250F: null
 All images for vehicle 2025 Yamaha YZ250F: Array(0)
 Images for vehicle 2024 Can-Am MAVERICK X3 Xrc 64 TURBO RR: Array(0)
 First image URL for vehicle 2024 Can-Am MAVERICK X3 Xrc 64 TURBO RR: null
 All images for vehicle 2024 Can-Am MAVERICK X3 Xrc 64 TURBO RR: Array(0)
 Images for vehicle 2024 Kawasaki KLX300: Array(0)
 First image URL for vehicle 2024 Kawasaki KLX300: null
 All images for vehicle 2024 Kawasaki KLX300: Array(0)
 Images for vehicle 2024 Can-Am RENEGADE 110: Array(0)
 First image URL for vehicle 2024 Can-Am RENEGADE 110: null
 All images for vehicle 2024 Can-Am RENEGADE 110: Array(0)
 Images for vehicle 2024 Suzuki GSX-S1000GT: Array(0)
 First image URL for vehicle 2024 Suzuki GSX-S1000GT: null
 All images for vehicle 2024 Suzuki GSX-S1000GT: Array(0)
 Images for vehicle 2025 Can-Am RENEGADE 110: Array(0)
 First image URL for vehicle 2025 Can-Am RENEGADE 110: null
 All images for vehicle 2025 Can-Am RENEGADE 110: Array(0)
 Images for vehicle 2024 Kawasaki MULE PRO FXT RANCH EDITION PLATINUM: Array(0)
 First image URL for vehicle 2024 Kawasaki MULE PRO FXT RANCH EDITION PLATINUM: null
 All images for vehicle 2024 Kawasaki MULE PRO FXT RANCH EDITION PLATINUM: Array(0)
 Images for vehicle 2025 Can-Am RENEGADE 70: Array(0)
 First image URL for vehicle 2025 Can-Am RENEGADE 70: null
 All images for vehicle 2025 Can-Am RENEGADE 70: Array(0)
 Images for vehicle 2024 Yamaha TENERE 700: Array(0)
 First image URL for vehicle 2024 Yamaha TENERE 700: null
 All images for vehicle 2024 Yamaha TENERE 700: Array(0)
 Images for vehicle 2024 Can-Am OUTLANDER 850 XT: Array(0)
 First image URL for vehicle 2024 Can-Am OUTLANDER 850 XT: null
 All images for vehicle 2024 Can-Am OUTLANDER 850 XT: Array(0)
 Images for vehicle 2024 Yamaha KODIAK 700: Array(0)
 First image URL for vehicle 2024 Yamaha KODIAK 700: null
 All images for vehicle 2024 Yamaha KODIAK 700: Array(0)
 Images for vehicle 2024 Can-Am MAVERICK X3 Xrs TURBO RR: Array(0)
 First image URL for vehicle 2024 Can-Am MAVERICK X3 Xrs TURBO RR: null
 All images for vehicle 2024 Can-Am MAVERICK X3 Xrs TURBO RR: Array(0)
 Images for vehicle 2024 Kawasaki KLR650 S ABS: Array(0)
 First image URL for vehicle 2024 Kawasaki KLR650 S ABS: null
 All images for vehicle 2024 Kawasaki KLR650 S ABS: Array(0)
 Images for vehicle 2024 Can-Am SPYDER F3 T: Array(0)
 First image URL for vehicle 2024 Can-Am SPYDER F3 T: null
 All images for vehicle 2024 Can-Am SPYDER F3 T: Array(0)
 Images for vehicle 2023 South Bay S224 RS 2.75 (24'-200HP): Array(0)
 First image URL for vehicle 2023 South Bay S224 RS 2.75 (24'-200HP): null
 All images for vehicle 2023 South Bay S224 RS 2.75 (24'-200HP): Array(0)
 Images for vehicle 2023 Can-Am SPYDER F3 LIMITED SPECIAL SERIES: Array(0)
 First image URL for vehicle 2023 Can-Am SPYDER F3 LIMITED SPECIAL SERIES: null
 All images for vehicle 2023 Can-Am SPYDER F3 LIMITED SPECIAL SERIES: Array(0)
 Images for vehicle 2024 Can-Am DEFENDER HD9 XT: Array(0)
 First image URL for vehicle 2024 Can-Am DEFENDER HD9 XT: null
 All images for vehicle 2024 Can-Am DEFENDER HD9 XT: Array(0)
 Images for vehicle 2023 Can-Am SPYDER RT SEA-TO-SKY: Array(0)
 First image URL for vehicle 2023 Can-Am SPYDER RT SEA-TO-SKY: null
 All images for vehicle 2023 Can-Am SPYDER RT SEA-TO-SKY: Array(0)
 Images for vehicle 2023 Can-Am SPYDER RT SEA-TO-SKY: Array(0)
 First image URL for vehicle 2023 Can-Am SPYDER RT SEA-TO-SKY: null
 All images for vehicle 2023 Can-Am SPYDER RT SEA-TO-SKY: Array(0)
 Images for vehicle 2022 Harley-Davidson® FLHTCUTG: Array(0)
 First image URL for vehicle 2022 Harley-Davidson® FLHTCUTG: null
 All images for vehicle 2022 Harley-Davidson® FLHTCUTG: Array(0)
 Images for vehicle 2024 Kawasaki Z650 ABS: Array(0)
 First image URL for vehicle 2024 Kawasaki Z650 ABS: null
 All images for vehicle 2024 Kawasaki Z650 ABS: Array(0)
 Images for vehicle 2024 Kawasaki MULE PRO FXT RANCH EDITION PLATINUM: Array(0)
 First image URL for vehicle 2024 Kawasaki MULE PRO FXT RANCH EDITION PLATINUM: null
 All images for vehicle 2024 Kawasaki MULE PRO FXT RANCH EDITION PLATINUM: Array(0)
 Images for vehicle 2022 Suzuki Marine DF200APXW4: Array(0)
 First image URL for vehicle 2022 Suzuki Marine DF200APXW4: null
 All images for vehicle 2022 Suzuki Marine DF200APXW4: Array(0)
 Images for vehicle 2024 Can-Am SPYDER F3 LIMITED DARK ED: Array(0)
 First image URL for vehicle 2024 Can-Am SPYDER F3 LIMITED DARK ED: null
 All images for vehicle 2024 Can-Am SPYDER F3 LIMITED DARK ED: Array(0)
 Images for vehicle 2023 Kawasaki VULCAN 900 CUSTOM: Array(0)
 First image URL for vehicle 2023 Kawasaki VULCAN 900 CUSTOM: null
 All images for vehicle 2023 Kawasaki VULCAN 900 CUSTOM: Array(0)
 Images for vehicle 2020 Honda PCX150: Array(0)
 First image URL for vehicle 2020 Honda PCX150: null
 All images for vehicle 2020 Honda PCX150: Array(0)
 Images for vehicle 2024 Kawasaki MULE PRO FX 1000 HD: Array(0)
 First image URL for vehicle 2024 Kawasaki MULE PRO FX 1000 HD: null
 All images for vehicle 2024 Kawasaki MULE PRO FX 1000 HD: Array(0)
 Images for vehicle 2024 Kawasaki MULE PRO FXT 1000 LE: Array(0)
+page.svelte:57 First image URL for vehicle 2024 Kawasaki MULE PRO FXT 1000 LE: null
+page.svelte:64 All images for vehicle 2024 Kawasaki MULE PRO FXT 1000 LE: Array(0)
+page.svelte:51 Images for vehicle 2024 Kawasaki Z500 ABS: Array(0)
+page.svelte:57 First image URL for vehicle 2024 Kawasaki Z500 ABS: null
+page.svelte:64 All images for vehicle 2024 Kawasaki Z500 ABS: Array(0)
+page.svelte:51 Images for vehicle 2024 Can-Am RYKER 600: Array(0)
+page.svelte:57 First image URL for vehicle 2024 Can-Am RYKER 600: null
+page.svelte:64 All images for vehicle 2024 Can-Am RYKER 600: Array(0)
+page.svelte:51 Images for vehicle 2025 Kawasaki KLX110RL: Array(0)
+page.svelte:57 First image URL for vehicle 2025 Kawasaki KLX110RL: null
+page.svelte:64 All images for vehicle 2025 Kawasaki KLX110RL: Array(0)
+page.svelte:51 Images for vehicle 2023 Vanderhall VENICE GT: Array(0)
+page.svelte:57 First image URL for vehicle 2023 Vanderhall VENICE GT: null
+page.svelte:64 All images for vehicle 2023 Vanderhall VENICE GT: Array(0)
+page.svelte:51 Images for vehicle 2023 Can-Am SPYDER RT LIMITED PLATINUM: Array(0)
+page.svelte:57 First image URL for vehicle 2023 Can-Am SPYDER RT LIMITED PLATINUM: null
+page.svelte:64 All images for vehicle 2023 Can-Am SPYDER RT LIMITED PLATINUM: Array(0)
+page.svelte:51 Images for vehicle 2023 Can-Am SPYDER F3 LIMITED PLATINUM: Array(0)
+page.svelte:57 First image URL for vehicle 2023 Can-Am SPYDER F3 LIMITED PLATINUM: null
+page.svelte:64 All images for vehicle 2023 Can-Am SPYDER F3 LIMITED PLATINUM: Array(0)
+page.svelte:51 Images for vehicle 2024 Sea-Doo GTI SE 130: Array(0)
+page.svelte:57 First image URL for vehicle 2024 Sea-Doo GTI SE 130: null
+page.svelte:64 All images for vehicle 2024 Sea-Doo GTI SE 130: Array(0)
+page.svelte:51 Images for vehicle 2024 Can-Am DEFENDER HD10 MAX LONE STAR: Array(0)
+page.svelte:57 First image URL for vehicle 2024 Can-Am DEFENDER HD10 MAX LONE STAR: null
+page.svelte:64 All images for vehicle 2024 Can-Am DEFENDER HD10 MAX LONE STAR: Array(0)
+page.svelte:51 Images for vehicle 2024 Can-Am SPYDER F3 LIMITED SPECIAL SERIES: Array(0)
+page.svelte:57 First image URL for vehicle 2024 Can-Am SPYDER F3 LIMITED SPECIAL SERIES: null
+page.svelte:64 All images for vehicle 2024 Can-Am SPYDER F3 LIMITED SPECIAL SERIES: Array(0)
+page.svelte:51 Images for vehicle 2024 Kawasaki NINJA 500 KRT: Array(0)
+page.svelte:57 First image URL for vehicle 2024 Kawasaki NINJA 500 KRT: null
+page.svelte:64 All images for vehicle 2024 Kawasaki NINJA 500 KRT: Array(0)
+page.svelte:77 Processed rowData for AG-Grid: Array(50)
+page.svelte:96 Initializing AG-Grid with gridOptions: Object
client.js?v=bcb683a9:2643 The next HMR update will cause the page to reload
warn @ client.js?v=bcb683a9:2643
Show 1 more frame
Show less
app.js:28 Error: Invalid export 'GET' ('GET' is a valid export in +server.js)
    at validate (exports.js?v=bcb683a9:21:10)
    at load_node (client.js?v=bcb683a9:595:3)
handleError @ app.js:28
client.js?v=bcb683a9:2643 Preloading data for /import failed with the following error: Internal Error
If this error is transient, you can ignore it. Otherwise, consider disabling preloading for this route. This route was preloaded due to a data-sveltekit-preload-data attribute. See https://kit.svelte.dev/docs/link-options for more info
warn @ client.js?v=bcb683a9:2643
Show 1 more frame
Show less
client.js?v=bcb683a9:2643 The next HMR update will cause the page to reload
warn @ client.js?v=bcb683a9:2643
Show 1 more frame
Show less
app.js:28 Error: Invalid export 'GET' ('GET' is a valid export in +server.js)
    at validate (exports.js?v=bcb683a9:21:10)
    at load_node (client.js?v=bcb683a9:595:3)
handleError @ app.js:28
client.js?v=bcb683a9:2643 Preloading data for /import failed with the following error: Internal Error
If this error is transient, you can ignore it. Otherwise, consider disabling preloading for this route. This route was preloaded due to a data-sveltekit-preload-data attribute. See https://kit.svelte.dev/docs/link-options for more info
warn @ client.js?v=bcb683a9:2643
Show 1 more frame
Show less
client.js?v=bcb683a9:2643 The next HMR update will cause the page to reload
warn @ client.js?v=bcb683a9:2643
Show 1 more frame
Show less
app.js:28 Error: Invalid export 'GET' ('GET' is a valid export in +server.js)
    at validate (exports.js?v=bcb683a9:21:10)
    at load_node (client.js?v=bcb683a9:595:3)
handleError @ app.js:28
client.js?v=bcb683a9:2643 Preloading data for /import failed with the following error: Internal Error
If this error is transient, you can ignore it. Otherwise, consider disabling preloading for this route. This route was preloaded due to a data-sveltekit-preload-data attribute. See https://kit.svelte.dev/docs/link-options for more info
warn @ client.js?v=bcb683a9:2643
Show 1 more frame
Show less
client.js?v=bcb683a9:2643 The next HMR update will cause the page to reload
warn @ client.js?v=bcb683a9:2643
Show 1 more frame
Show less
app.js:28 Error: Invalid export 'GET' ('GET' is a valid export in +server.js)
    at validate (exports.js?v=bcb683a9:21:10)
    at load_node (client.js?v=bcb683a9:595:3)
handleError @ app.js:28
import:1 
        
        
       Failed to load resource: the server responded with a status of 500 (Internal Server Error)
