+page.svelte:37 Fetching vehicles with images from PocketBase...
+page.svelte:44 Fetched vehicles: Object
+page.svelte:51 Images for vehicle 2024 Kawasaki STX 160X: Array(0)
+page.svelte:57 First image URL for vehicle 2024 Kawasaki STX 160X: null
+page.svelte:64 All images for vehicle 2024 Kawasaki STX 160X: Array(0)
+page.svelte:51 Images for vehicle 2021 Can-Am SPYDER F3 S SE6: Array(0)
+page.svelte:57 First image URL for vehicle 2021 Can-Am SPYDER F3 S SE6: null
+page.svelte:64 All images for vehicle 2021 Can-Am SPYDER F3 S SE6: Array(0)
+page.svelte:51 Images for vehicle 2023 Yamaha WOLVERINE X4 850 XT-R: Array(0)
+page.svelte:57 First image URL for vehicle 2023 Yamaha WOLVERINE X4 850 XT-R: null
+page.svelte:64 All images for vehicle 2023 Yamaha WOLVERINE X4 850 XT-R: Array(0)
+page.svelte:51 Images for vehicle 2024 Kawasaki BRUTE FORCE 750 EPS LE: Array(0)
+page.svelte:57 First image URL for vehicle 2024 Kawasaki BRUTE FORCE 750 EPS LE: null
+page.svelte:64 All images for vehicle 2024 Kawasaki BRUTE FORCE 750 EPS LE: Array(0)
+page.svelte:51 Images for vehicle 2023 Can-Am COMMANDER DPS 1000R: Array(0)
+page.svelte:57 First image URL for vehicle 2023 Can-Am COMMANDER DPS 1000R: null
+page.svelte:64 All images for vehicle 2023 Can-Am COMMANDER DPS 1000R: Array(0)
+page.svelte:51 Images for vehicle 2024 Can-Am MAVERICK X3 Xds TURBO RR: Array(0)
+page.svelte:57 First image URL for vehicle 2024 Can-Am MAVERICK X3 Xds TURBO RR: null
+page.svelte:64 All images for vehicle 2024 Can-Am MAVERICK X3 Xds TURBO RR: Array(0)
+page.svelte:51 Images for vehicle 2024 Kawasaki BRUTE FORCE 300 2X4: Array(0)
+page.svelte:57 First image URL for vehicle 2024 Kawasaki BRUTE FORCE 300 2X4: null
+page.svelte:64 All images for vehicle 2024 Kawasaki BRUTE FORCE 300 2X4: Array(0)
+page.svelte:51 Images for vehicle 2024 Kawasaki NINJA 500 SE ABS: Array(0)
+page.svelte:57 First image URL for vehicle 2024 Kawasaki NINJA 500 SE ABS: null
+page.svelte:64 All images for vehicle 2024 Kawasaki NINJA 500 SE ABS: Array(0)
+page.svelte:51 Images for vehicle 2024 Kawasaki Z900 ABS: Array(0)
+page.svelte:57 First image URL for vehicle 2024 Kawasaki Z900 ABS: null
+page.svelte:64 All images for vehicle 2024 Kawasaki Z900 ABS: Array(0)
+page.svelte:51 Images for vehicle 2023 Can-Am DEFENDER HD10 DPS MAX: Array(0)
+page.svelte:57 First image URL for vehicle 2023 Can-Am DEFENDER HD10 DPS MAX: null
+page.svelte:64 All images for vehicle 2023 Can-Am DEFENDER HD10 DPS MAX: Array(0)
+page.svelte:51 Images for vehicle 2024 Kawasaki KLR650 S ABS: Array(0)
+page.svelte:57 First image URL for vehicle 2024 Kawasaki KLR650 S ABS: null
+page.svelte:64 All images for vehicle 2024 Kawasaki KLR650 S ABS: Array(0)
+page.svelte:51 Images for vehicle 2022 Honda CB1000R BLACK EDITION: Array(0)
+page.svelte:57 First image URL for vehicle 2022 Honda CB1000R BLACK EDITION: null
+page.svelte:64 All images for vehicle 2022 Honda CB1000R BLACK EDITION: Array(0)
+page.svelte:51 Images for vehicle 2024 Kawasaki NINJA 500 ABS: Array(0)
+page.svelte:57 First image URL for vehicle 2024 Kawasaki NINJA 500 ABS: null
+page.svelte:64 All images for vehicle 2024 Kawasaki NINJA 500 ABS: Array(0)
+page.svelte:51 Images for vehicle 2025 Yamaha YZ250F: Array(0)
+page.svelte:57 First image URL for vehicle 2025 Yamaha YZ250F: null
+page.svelte:64 All images for vehicle 2025 Yamaha YZ250F: Array(0)
+page.svelte:51 Images for vehicle 2024 Can-Am MAVERICK X3 Xrc 64 TURBO RR: Array(0)
+page.svelte:57 First image URL for vehicle 2024 Can-Am MAVERICK X3 Xrc 64 TURBO RR: null
+page.svelte:64 All images for vehicle 2024 Can-Am MAVERICK X3 Xrc 64 TURBO RR: Array(0)
+page.svelte:51 Images for vehicle 2024 Kawasaki KLX300: Array(0)
+page.svelte:57 First image URL for vehicle 2024 Kawasaki KLX300: null
+page.svelte:64 All images for vehicle 2024 Kawasaki KLX300: Array(0)
+page.svelte:51 Images for vehicle 2024 Can-Am RENEGADE 110: Array(0)
+page.svelte:57 First image URL for vehicle 2024 Can-Am RENEGADE 110: null
+page.svelte:64 All images for vehicle 2024 Can-Am RENEGADE 110: Array(0)
+page.svelte:51 Images for vehicle 2024 Suzuki GSX-S1000GT: Array(0)
+page.svelte:57 First image URL for vehicle 2024 Suzuki GSX-S1000GT: null
+page.svelte:64 All images for vehicle 2024 Suzuki GSX-S1000GT: Array(0)
+page.svelte:51 Images for vehicle 2025 Can-Am RENEGADE 110: Array(0)
+page.svelte:57 First image URL for vehicle 2025 Can-Am RENEGADE 110: null
+page.svelte:64 All images for vehicle 2025 Can-Am RENEGADE 110: Array(0)
+page.svelte:51 Images for vehicle 2024 Kawasaki MULE PRO FXT RANCH EDITION PLATINUM: Array(0)
+page.svelte:57 First image URL for vehicle 2024 Kawasaki MULE PRO FXT RANCH EDITION PLATINUM: null
+page.svelte:64 All images for vehicle 2024 Kawasaki MULE PRO FXT RANCH EDITION PLATINUM: Array(0)
+page.svelte:51 Images for vehicle 2025 Can-Am RENEGADE 70: Array(0)
+page.svelte:57 First image URL for vehicle 2025 Can-Am RENEGADE 70: null
+page.svelte:64 All images for vehicle 2025 Can-Am RENEGADE 70: Array(0)
+page.svelte:51 Images for vehicle 2024 Yamaha TENERE 700: Array(0)
+page.svelte:57 First image URL for vehicle 2024 Yamaha TENERE 700: null
+page.svelte:64 All images for vehicle 2024 Yamaha TENERE 700: Array(0)
+page.svelte:51 Images for vehicle 2024 Can-Am OUTLANDER 850 XT: Array(0)
+page.svelte:57 First image URL for vehicle 2024 Can-Am OUTLANDER 850 XT: null
+page.svelte:64 All images for vehicle 2024 Can-Am OUTLANDER 850 XT: Array(0)
+page.svelte:51 Images for vehicle 2024 Yamaha KODIAK 700: Array(0)
+page.svelte:57 First image URL for vehicle 2024 Yamaha KODIAK 700: null
+page.svelte:64 All images for vehicle 2024 Yamaha KODIAK 700: Array(0)
+page.svelte:51 Images for vehicle 2024 Can-Am MAVERICK X3 Xrs TURBO RR: Array(0)
+page.svelte:57 First image URL for vehicle 2024 Can-Am MAVERICK X3 Xrs TURBO RR: null
+page.svelte:64 All images for vehicle 2024 Can-Am MAVERICK X3 Xrs TURBO RR: Array(0)
+page.svelte:51 Images for vehicle 2024 Kawasaki KLR650 S ABS: Array(0)
+page.svelte:57 First image URL for vehicle 2024 Kawasaki KLR650 S ABS: null
+page.svelte:64 All images for vehicle 2024 Kawasaki KLR650 S ABS: Array(0)
+page.svelte:51 Images for vehicle 2024 Can-Am SPYDER F3 T: Array(0)
+page.svelte:57 First image URL for vehicle 2024 Can-Am SPYDER F3 T: null
+page.svelte:64 All images for vehicle 2024 Can-Am SPYDER F3 T: Array(0)
+page.svelte:51 Images for vehicle 2023 South Bay S224 RS 2.75 (24'-200HP): Array(0)
+page.svelte:57 First image URL for vehicle 2023 South Bay S224 RS 2.75 (24'-200HP): null
+page.svelte:64 All images for vehicle 2023 South Bay S224 RS 2.75 (24'-200HP): Array(0)
+page.svelte:51 Images for vehicle 2023 Can-Am SPYDER F3 LIMITED SPECIAL SERIES: Array(0)
+page.svelte:57 First image URL for vehicle 2023 Can-Am SPYDER F3 LIMITED SPECIAL SERIES: null
+page.svelte:64 All images for vehicle 2023 Can-Am SPYDER F3 LIMITED SPECIAL SERIES: Array(0)
+page.svelte:51 Images for vehicle 2024 Can-Am DEFENDER HD9 XT: Array(0)
+page.svelte:57 First image URL for vehicle 2024 Can-Am DEFENDER HD9 XT: null
+page.svelte:64 All images for vehicle 2024 Can-Am DEFENDER HD9 XT: Array(0)
+page.svelte:51 Images for vehicle 2023 Can-Am SPYDER RT SEA-TO-SKY: Array(0)
+page.svelte:57 First image URL for vehicle 2023 Can-Am SPYDER RT SEA-TO-SKY: null
+page.svelte:64 All images for vehicle 2023 Can-Am SPYDER RT SEA-TO-SKY: Array(0)
+page.svelte:51 Images for vehicle 2023 Can-Am SPYDER RT SEA-TO-SKY: Array(0)
+page.svelte:57 First image URL for vehicle 2023 Can-Am SPYDER RT SEA-TO-SKY: null
+page.svelte:64 All images for vehicle 2023 Can-Am SPYDER RT SEA-TO-SKY: Array(0)
+page.svelte:51 Images for vehicle 2022 Harley-Davidson® FLHTCUTG: Array(0)
+page.svelte:57 First image URL for vehicle 2022 Harley-Davidson® FLHTCUTG: null
+page.svelte:64 All images for vehicle 2022 Harley-Davidson® FLHTCUTG: Array(0)
+page.svelte:51 Images for vehicle 2024 Kawasaki Z650 ABS: Array(0)
+page.svelte:57 First image URL for vehicle 2024 Kawasaki Z650 ABS: null
+page.svelte:64 All images for vehicle 2024 Kawasaki Z650 ABS: Array(0)
+page.svelte:51 Images for vehicle 2024 Kawasaki MULE PRO FXT RANCH EDITION PLATINUM: Array(0)
+page.svelte:57 First image URL for vehicle 2024 Kawasaki MULE PRO FXT RANCH EDITION PLATINUM: null
+page.svelte:64 All images for vehicle 2024 Kawasaki MULE PRO FXT RANCH EDITION PLATINUM: Array(0)
+page.svelte:51 Images for vehicle 2022 Suzuki Marine DF200APXW4: Array(0)
+page.svelte:57 First image URL for vehicle 2022 Suzuki Marine DF200APXW4: null
+page.svelte:64 All images for vehicle 2022 Suzuki Marine DF200APXW4: Array(0)
+page.svelte:51 Images for vehicle 2024 Can-Am SPYDER F3 LIMITED DARK ED: Array(0)
+page.svelte:57 First image URL for vehicle 2024 Can-Am SPYDER F3 LIMITED DARK ED: null
+page.svelte:64 All images for vehicle 2024 Can-Am SPYDER F3 LIMITED DARK ED: Array(0)
+page.svelte:51 Images for vehicle 2023 Kawasaki VULCAN 900 CUSTOM: Array(0)
+page.svelte:57 First image URL for vehicle 2023 Kawasaki VULCAN 900 CUSTOM: null
+page.svelte:64 All images for vehicle 2023 Kawasaki VULCAN 900 CUSTOM: Array(0)
+page.svelte:51 Images for vehicle 2020 Honda PCX150: Array(0)
+page.svelte:57 First image URL for vehicle 2020 Honda PCX150: null
+page.svelte:64 All images for vehicle 2020 Honda PCX150: Array(0)
+page.svelte:51 Images for vehicle 2024 Kawasaki MULE PRO FX 1000 HD: Array(0)
+page.svelte:57 First image URL for vehicle 2024 Kawasaki MULE PRO FX 1000 HD: null
+page.svelte:64 All images for vehicle 2024 Kawasaki MULE PRO FX 1000 HD: Array(0)
+page.svelte:51 Images for vehicle 2024 Kawasaki MULE PRO FXT 1000 LE: Array(0)
+page.svelte:57 First image URL for vehicle 2024 Kawasaki MULE PRO FXT 1000 LE: null
+page.svelte:64 All images for vehicle 2024 Kawasaki MULE PRO FXT 1000 LE: Array(0)
+page.svelte:51 Images for vehicle 2024 Kawasaki Z500 ABS: Array(0)
+page.svelte:57 First image URL for vehicle 2024 Kawasaki Z500 ABS: null
+page.svelte:64 All images for vehicle 2024 Kawasaki Z500 ABS: Array(0)
+page.svelte:51 Images for vehicle 2024 Can-Am RYKER 600: Array(0)length: 0[[Prototype]]: Array(0)
+page.svelte:57 First image URL for vehicle 2024 Can-Am RYKER 600: null
+page.svelte:64 All images for vehicle 2024 Can-Am RYKER 600: Array(0)
+page.svelte:51 Images for vehicle 2025 Kawasaki KLX110RL: Array(0)
+page.svelte:57 First image URL for vehicle 2025 Kawasaki KLX110RL: null
+page.svelte:64 All images for vehicle 2025 Kawasaki KLX110RL: Array(0)
+page.svelte:51 Images for vehicle 2023 Vanderhall VENICE GT: Array(0)
+page.svelte:57 First image URL for vehicle 2023 Vanderhall VENICE GT: null
+page.svelte:64 All images for vehicle 2023 Vanderhall VENICE GT: Array(0)
+page.svelte:51 Images for vehicle 2023 Can-Am SPYDER RT LIMITED PLATINUM: Array(0)
+page.svelte:57 First image URL for vehicle 2023 Can-Am SPYDER RT LIMITED PLATINUM: null
+page.svelte:64 All images for vehicle 2023 Can-Am SPYDER RT LIMITED PLATINUM: Array(0)
+page.svelte:51 Images for vehicle 2023 Can-Am SPYDER F3 LIMITED PLATINUM: Array(0)
+page.svelte:57 First image URL for vehicle 2023 Can-Am SPYDER F3 LIMITED PLATINUM: null
+page.svelte:64 All images for vehicle 2023 Can-Am SPYDER F3 LIMITED PLATINUM: Array(0)
+page.svelte:51 Images for vehicle 2024 Sea-Doo GTI SE 130: Array(0)
+page.svelte:57 First image URL for vehicle 2024 Sea-Doo GTI SE 130: null
+page.svelte:64 All images for vehicle 2024 Sea-Doo GTI SE 130: Array(0)
+page.svelte:51 Images for vehicle 2024 Can-Am DEFENDER HD10 MAX LONE STAR: Array(0)
+page.svelte:57 First image URL for vehicle 2024 Can-Am DEFENDER HD10 MAX LONE STAR: null
+page.svelte:64 All images for vehicle 2024 Can-Am DEFENDER HD10 MAX LONE STAR: Array(0)
+page.svelte:51 Images for vehicle 2024 Can-Am SPYDER F3 LIMITED SPECIAL SERIES: Array(0)
+page.svelte:57 First image URL for vehicle 2024 Can-Am SPYDER F3 LIMITED SPECIAL SERIES: null
+page.svelte:64 All images for vehicle 2024 Can-Am SPYDER F3 LIMITED SPECIAL SERIES: Array(0)
+page.svelte:77 Processed rowData for AG-Grid: Array(50)0: allImages: []length: 0[[Prototype]]: Array(0)imageUrl: nullmake: "Kawasaki"model: "STX 160X"price: 12599title: "2024 Kawasaki STX 160X"year: "2024"[[Prototype]]: Object1: allImages: []length: 0[[Prototype]]: Array(0)imageUrl: nullmake: "Can-Am"model: "SPYDER F3 S SE6"price: 15999title: "2021 Can-Am SPYDER F3 S SE6"year: "2021"[[Prototype]]: Object2: {title: '2023 Yamaha WOLVERINE X4 850 XT-R', year: '2023', make: 'Yamaha', model: 'WOLVERINE X4 850 XT-R', price: 19999, …}3: {title: '2024 Kawasaki BRUTE FORCE 750 EPS LE', year: '2024', make: 'Kawasaki', model: 'BRUTE FORCE 750 EPS LE', price: 11999, …}4: {title: '2023 Can-Am COMMANDER DPS 1000R', year: '2023', make: 'Can-Am', model: 'COMMANDER DPS 1000R', price: 17799, …}5: {title: '2024 Can-Am MAVERICK X3 Xds TURBO RR', year: '2024', make: 'Can-Am', model: 'MAVERICK X3 Xds TURBO RR', price: 28499, …}6: {title: '2024 Kawasaki BRUTE FORCE 300 2X4', year: '2024', make: 'Kawasaki', model: 'BRUTE FORCE 300 2X4', price: 5199, …}7: {title: '2024 Kawasaki NINJA 500 SE ABS', year: '2024', make: 'Kawasaki', model: 'NINJA 500 SE ABS', price: 6399, …}8: {title: '2024 Kawasaki Z900 ABS', year: '2024', make: 'Kawasaki', model: 'Z900 ABS', price: 9899, …}9: {title: '2023 Can-Am DEFENDER HD10 DPS MAX', year: '2023', make: 'Can-Am', model: 'DEFENDER HD10 DPS MAX', price: 24999, …}10: {title: '2024 Kawasaki KLR650 S ABS', year: '2024', make: 'Kawasaki', model: 'KLR650 S ABS', price: 7199, …}11: {title: '2022 Honda CB1000R BLACK EDITION', year: '2022', make: 'Honda', model: 'CB1000R BLACK EDITION', price: 11999, …}12: {title: '2024 Kawasaki NINJA 500 ABS', year: '2024', make: 'Kawasaki', model: 'NINJA 500 ABS', price: 5699, …}13: {title: '2025 Yamaha YZ250F', year: '2025', make: 'Yamaha', model: 'YZ250F', price: 8899, …}14: {title: '2024 Can-Am MAVERICK X3 Xrc 64 TURBO RR', year: '2024', make: 'Can-Am', model: 'MAVERICK X3 Xrc 64 TURBO RR', price: 29499, …}15: {title: '2024 Kawasaki KLX300', year: '2024', make: 'Kawasaki', model: 'KLX300', price: 6399, …}16: {title: '2024 Can-Am RENEGADE 110', year: '2024', make: 'Can-Am', model: 'RENEGADE 110', price: 3699, …}17: {title: '2024 Suzuki GSX-S1000GT', year: '2024', make: 'Suzuki', model: 'GSX-S1000GT', price: 14199, …}18: {title: '2025 Can-Am RENEGADE 110', year: '2025', make: 'Can-Am', model: 'RENEGADE 110', price: 3699, …}19: {title: '2024 Kawasaki MULE PRO FXT RANCH EDITION PLATINUM', year: '2024', make: 'Kawasaki', model: 'MULE PRO FXT RANCH EDITION PLATINUM', price: 21899, …}20: {title: '2025 Can-Am RENEGADE 70', year: '2025', make: 'Can-Am', model: 'RENEGADE 70', price: 3099, …}21: {title: '2024 Yamaha TENERE 700', year: '2024', make: 'Yamaha', model: 'TENERE 700', price: 10799, …}22: {title: '2024 Can-Am OUTLANDER 850 XT', year: '2024', make: 'Can-Am', model: 'OUTLANDER 850 XT', price: 12949, …}23: {title: '2024 Yamaha KODIAK 700', year: '2024', make: 'Yamaha', model: 'KODIAK 700', price: 8499, …}24: {title: '2024 Can-Am MAVERICK X3 Xrs TURBO RR', year: '2024', make: 'Can-Am', model: 'MAVERICK X3 Xrs TURBO RR', price: 0, …}25: {title: '2024 Kawasaki KLR650 S ABS', year: '2024', make: 'Kawasaki', model: 'KLR650 S ABS', price: 7199, …}26: {title: '2024 Can-Am SPYDER F3 T', year: '2024', make: 'Can-Am', model: 'SPYDER F3 T', price: 24699, …}27: {title: "2023 South Bay S224 RS 2.75 (24'-200HP)", year: '2023', make: 'South Bay', model: "S224 RS 2.75 (24'-200HP)", price: 80690, …}28: {title: '2023 Can-Am SPYDER F3 LIMITED SPECIAL SERIES', year: '2023', make: 'Can-Am', model: 'SPYDER F3 LIMITED SPECIAL SERIES', price: 28499, …}29: {title: '2024 Can-Am DEFENDER HD9 XT', year: '2024', make: 'Can-Am', model: 'DEFENDER HD9 XT', price: 18999, …}30: {title: '2023 Can-Am SPYDER RT SEA-TO-SKY', year: '2023', make: 'Can-Am', model: 'SPYDER RT SEA-TO-SKY', price: 30999, …}31: {title: '2023 Can-Am SPYDER RT SEA-TO-SKY', year: '2023', make: 'Can-Am', model: 'SPYDER RT SEA-TO-SKY', price: 30999, …}32: {title: '2022 Harley-Davidson® FLHTCUTG', year: '2022', make: 'Harley-Davidson®', model: 'FLHTCUTG', price: 35999, …}33: {title: '2024 Kawasaki Z650 ABS', year: '2024', make: 'Kawasaki', model: 'Z650 ABS', price: 8649, …}34: {title: '2024 Kawasaki MULE PRO FXT RANCH EDITION PLATINUM', year: '2024', make: 'Kawasaki', model: 'MULE PRO FXT RANCH EDITION PLATINUM', price: 21899, …}35: {title: '2022 Suzuki Marine DF200APXW4', year: '2022', make: 'Suzuki Marine', model: 'DF200APXW4', price: 23000, …}36: allImages: Array(0)length: 0[[Prototype]]: Array(0)imageUrl: nullmake: "Can-Am"model: "SPYDER F3 LIMITED DARK ED"price: 27899title: "2024 Can-Am SPYDER F3 LIMITED DARK ED"year: "2024"[[Prototype]]: Object37: {title: '2023 Kawasaki VULCAN 900 CUSTOM', year: '2023', make: 'Kawasaki', model: 'VULCAN 900 CUSTOM', price: 9499, …}38: {title: '2020 Honda PCX150', year: '2020', make: 'Honda', model: 'PCX150', price: 2999, …}39: {title: '2024 Kawasaki MULE PRO FX 1000 HD', year: '2024', make: 'Kawasaki', model: 'MULE PRO FX 1000 HD', price: 16799, …}40: {title: '2024 Kawasaki MULE PRO FXT 1000 LE', year: '2024', make: 'Kawasaki', model: 'MULE PRO FXT 1000 LE', price: 18799, …}41: {title: '2024 Kawasaki Z500 ABS', year: '2024', make: 'Kawasaki', model: 'Z500 ABS', price: 5599, …}42: allImages: []length: 0[[Prototype]]: Array(0)imageUrl: nullmake: "Can-Am"model: "RYKER 600"price: 9199title: "2024 Can-Am RYKER 600"year: "2024"[[Prototype]]: Object43: {title: '2025 Kawasaki KLX110RL', year: '2025', make: 'Kawasaki', model: 'KLX110RL', price: 3099, …}44: {title: '2023 Vanderhall VENICE GT', year: '2023', make: 'Vanderhall', model: 'VENICE GT', price: 37950, …}45: {title: '2023 Can-Am SPYDER RT LIMITED PLATINUM', year: '2023', make: 'Can-Am', model: 'SPYDER RT LIMITED PLATINUM', price: 29999, …}46: {title: '2023 Can-Am SPYDER F3 LIMITED PLATINUM', year: '2023', make: 'Can-Am', model: 'SPYDER F3 LIMITED PLATINUM', price: 27999, …}47: {title: '2024 Sea-Doo GTI SE 130', year: '2024', make: 'Sea-Doo', model: 'GTI SE 130', price: 12299, …}48: {title: '2024 Can-Am DEFENDER HD10 MAX LONE STAR', year: '2024', make: 'Can-Am', model: 'DEFENDER HD10 MAX LONE STAR', price: 25299, …}49: {title: '2024 Can-Am SPYDER F3 LIMITED SPECIAL SERIES', year: '2024', make: 'Can-Am', model: 'SPYDER F3 LIMITED SPECIAL SERIES', price: 30499, …}length: 50[[Prototype]]: Array(0)
+page.svelte:96 Initializing AG-Grid with gridOptions: ObjectcolumnDefs: (6) [{…}, {…}, {…}, {…}, {…}, {…}]defaultColDef: {flex: 1, minWidth: 100}rowData: (50) [{…}, {…}, {…}, {…}, {…}, {…}, {…}, {…}, {…}, {…}, {…}, {…}, {…}, {…}, {…}, {…}, {…}, {…}, {…}, {…}, {…}, {…}, {…}, {…}, {…}, {…}, {…}, {…}, {…}, {…}, {…}, {…}, {…}, {…}, {…}, {…}, {…}, {…}, {…}, {…}, {…}, {…}, {…}, {…}, {…}, {…}, {…}, {…}, {…}, {…}]api: (...)get api: () => {…}[[Prototype]]: Object
